2024-09-07 22:51:57.792 [info] Log level: Info
2024-09-07 22:51:57.792 [info] Validating found git in: "git"
2024-09-07 22:51:57.792 [info] Using git "2.25.1" from "git"
2024-09-07 22:51:57.792 [info] > git rev-parse --show-toplevel [3ms]
2024-09-07 22:51:57.792 [info] fatal: not a git repository (or any parent up to mount point /voc)
Stopping at filesystem boundary (GIT_DISCOVERY_ACROSS_FILESYSTEM not set).
2024-09-07 22:51:57.792 [info] > git rev-parse --show-toplevel [2ms]
2024-09-07 22:51:57.792 [info] fatal: not a git repository (or any of the parent directories): .git
2024-09-07 22:51:57.792 [info] > git rev-parse --show-toplevel [3ms]
2024-09-07 22:51:57.792 [info] fatal: not a git repository (or any parent up to mount point /voc)
Stopping at filesystem boundary (GIT_DISCOVERY_ACROSS_FILESYSTEM not set).
2024-09-07 22:51:57.792 [info] > git rev-parse --show-toplevel [3ms]
2024-09-07 22:51:57.792 [info] fatal: not a git repository (or any parent up to mount point /voc)
Stopping at filesystem boundary (GIT_DISCOVERY_ACROSS_FILESYSTEM not set).
2024-09-07 22:51:57.792 [info] > git rev-parse --show-toplevel [3ms]
2024-09-07 22:51:57.792 [info] fatal: not a git repository (or any parent up to mount point /voc)
Stopping at filesystem boundary (GIT_DISCOVERY_ACROSS_FILESYSTEM not set).
2024-09-07 22:51:57.792 [info] > git rev-parse --show-toplevel [3ms]
2024-09-07 22:51:57.792 [info] fatal: not a git repository (or any parent up to mount point /voc)
Stopping at filesystem boundary (GIT_DISCOVERY_ACROSS_FILESYSTEM not set).
2024-09-07 22:51:57.792 [info] > git rev-parse --show-toplevel [2ms]
2024-09-07 22:51:57.792 [info] fatal: not a git repository (or any parent up to mount point /voc)
Stopping at filesystem boundary (GIT_DISCOVERY_ACROSS_FILESYSTEM not set).
2024-09-07 22:51:57.792 [info] > git rev-parse --show-toplevel [2ms]
2024-09-07 22:51:57.792 [info] fatal: not a git repository (or any of the parent directories): .git
2024-09-07 22:51:57.792 [info] > git rev-parse --show-toplevel [1ms]
2024-09-07 22:51:57.792 [info] fatal: not a git repository (or any parent up to mount point /voc)
Stopping at filesystem boundary (GIT_DISCOVERY_ACROSS_FILESYSTEM not set).
2024-09-07 22:51:57.792 [info] > git rev-parse --show-toplevel [1ms]
2024-09-07 22:51:57.792 [info] fatal: not a git repository (or any of the parent directories): .git
2024-09-07 22:51:57.792 [info] > git rev-parse --show-toplevel [1ms]
2024-09-07 22:51:57.792 [info] fatal: not a git repository (or any of the parent directories): .git
2024-09-07 22:51:57.792 [info] > git rev-parse --show-toplevel [2ms]
2024-09-07 22:51:57.792 [info] fatal: not a git repository (or any parent up to mount point /voc)
Stopping at filesystem boundary (GIT_DISCOVERY_ACROSS_FILESYSTEM not set).
2024-09-07 22:51:57.792 [info] > git rev-parse --show-toplevel [1ms]
2024-09-07 22:51:57.792 [info] fatal: not a git repository (or any of the parent directories): .git
2024-09-07 22:51:57.792 [info] > git rev-parse --show-toplevel [5ms]
2024-09-07 22:51:57.792 [info] fatal: not a git repository (or any parent up to mount point /voc)
Stopping at filesystem boundary (GIT_DISCOVERY_ACROSS_FILESYSTEM not set).
2024-09-07 22:51:57.806 [info] > git rev-parse --show-toplevel [7ms]
2024-09-07 22:51:57.806 [info] fatal: not a git repository (or any parent up to mount point /voc)
Stopping at filesystem boundary (GIT_DISCOVERY_ACROSS_FILESYSTEM not set).
2024-09-07 22:52:12.124 [info] > git rev-parse --show-toplevel [8ms]
2024-09-07 22:52:12.124 [info] fatal: not a git repository (or any parent up to mount point /voc)
Stopping at filesystem boundary (GIT_DISCOVERY_ACROSS_FILESYSTEM not set).
2024-09-07 22:52:12.135 [info] > git rev-parse --show-toplevel [4ms]
2024-09-07 22:52:12.135 [info] fatal: not a git repository (or any of the parent directories): .git
2024-09-07 22:52:12.294 [info] > git rev-parse --show-toplevel [68ms]
2024-09-07 22:52:12.295 [info] fatal: not a git repository (or any parent up to mount point /voc)
Stopping at filesystem boundary (GIT_DISCOVERY_ACROSS_FILESYSTEM not set).
2024-09-07 22:52:12.321 [info] > git rev-parse --show-toplevel [16ms]
2024-09-07 22:52:12.321 [info] fatal: not a git repository (or any of the parent directories): .git
2024-09-07 22:52:12.864 [info] > git rev-parse --show-toplevel [2ms]
2024-09-07 22:52:12.864 [info] fatal: not a git repository (or any parent up to mount point /voc)
Stopping at filesystem boundary (GIT_DISCOVERY_ACROSS_FILESYSTEM not set).
2024-09-07 22:52:12.872 [info] > git rev-parse --show-toplevel [1ms]
2024-09-07 22:52:12.872 [info] fatal: not a git repository (or any of the parent directories): .git
2024-09-07 22:53:53.173 [info] > git rev-parse --show-toplevel [5ms]
2024-09-07 22:53:53.174 [info] fatal: not a git repository (or any parent up to mount point /voc)
Stopping at filesystem boundary (GIT_DISCOVERY_ACROSS_FILESYSTEM not set).
2024-09-07 23:07:30.540 [info] > git rev-parse --show-toplevel [3ms]
2024-09-07 23:07:30.541 [info] fatal: not a git repository (or any parent up to mount point /voc)
Stopping at filesystem boundary (GIT_DISCOVERY_ACROSS_FILESYSTEM not set).
2024-09-08 00:02:16.428 [info] > git rev-parse --show-toplevel [3ms]
2024-09-08 00:02:16.429 [info] fatal: not a git repository (or any parent up to mount point /voc)
Stopping at filesystem boundary (GIT_DISCOVERY_ACROSS_FILESYSTEM not set).
2024-09-08 00:07:13.896 [info] > git rev-parse --show-toplevel [3ms]
2024-09-08 00:07:13.896 [info] fatal: not a git repository (or any parent up to mount point /voc)
Stopping at filesystem boundary (GIT_DISCOVERY_ACROSS_FILESYSTEM not set).
2024-09-08 00:07:15.215 [info] > git rev-parse --show-toplevel [2ms]
2024-09-08 00:07:15.215 [info] fatal: not a git repository (or any parent up to mount point /voc)
Stopping at filesystem boundary (GIT_DISCOVERY_ACROSS_FILESYSTEM not set).
2024-09-08 00:19:05.139 [info] > git rev-parse --show-toplevel [6ms]
2024-09-08 00:19:05.154 [info] > git rev-parse --git-dir --git-common-dir [4ms]
2024-09-08 00:19:05.163 [info] Open repository: /voc/work/CS1100
2024-09-08 00:19:05.180 [info] > git config --get commit.template [6ms]
2024-09-08 00:19:05.188 [info] > git for-each-ref --format=%(refname)%00%(upstream:short)%00%(objectname)%00%(upstream:track)%00%(upstream:remotename)%00%(upstream:remoteref) refs/heads/master refs/remotes/master [9ms]
2024-09-08 00:19:05.189 [warning] No such branch: master.
2024-09-08 00:19:05.218 [info] > git status -z -uall [19ms]
2024-09-08 00:19:05.235 [info] > git config --get commit.template [6ms]
2024-09-08 00:19:05.242 [info] > git for-each-ref --format=%(refname)%00%(upstream:short)%00%(objectname)%00%(upstream:track)%00%(upstream:remotename)%00%(upstream:remoteref) refs/heads/master refs/remotes/master [8ms]
2024-09-08 00:19:05.242 [warning] No such branch: master.
2024-09-08 00:19:05.258 [info] > git status -z -uall [10ms]
2024-09-08 00:19:05.780 [info] > git check-ignore -v -z --stdin [7ms]
2024-09-08 00:19:11.474 [info] > git config --get commit.template [6ms]
2024-09-08 00:19:11.494 [info] > git for-each-ref --format=%(refname)%00%(upstream:short)%00%(objectname)%00%(upstream:track)%00%(upstream:remotename)%00%(upstream:remoteref) refs/heads/main refs/remotes/main [20ms]
2024-09-08 00:19:11.498 [warning] ENOENT: no such file or directory, open '/voc/work/CS1100/.git/refs/remotes/origin/main'
2024-09-08 00:19:11.506 [info] > git rev-parse refs/remotes/origin/main [8ms]
2024-09-08 00:19:11.538 [info] > git status -z -uall [27ms]
2024-09-08 00:19:11.555 [info] > git merge-base refs/heads/main refs/remotes/origin/main [10ms]
2024-09-08 00:19:11.571 [info] > git rev-list --count --left-right refs/heads/main...refs/remotes/origin/main [12ms]
2024-09-08 00:19:11.590 [info] > git diff --name-status -z --diff-filter=ADMR f6ebf8412df8a12f24475415f32eeb9a3929e94c...refs/remotes/origin/main [14ms]
2024-09-08 00:20:16.533 [info] > git config --get commit.template [7ms]
2024-09-08 00:20:16.548 [info] > git for-each-ref --format=%(refname)%00%(upstream:short)%00%(objectname)%00%(upstream:track)%00%(upstream:remotename)%00%(upstream:remoteref) refs/heads/main refs/remotes/main [18ms]
2024-09-08 00:20:16.553 [warning] ENOENT: no such file or directory, open '/voc/work/CS1100/.git/refs/remotes/origin/main'
2024-09-08 00:20:16.558 [info] > git rev-parse refs/remotes/origin/main [5ms]
2024-09-08 00:20:16.591 [info] > git status -z -uall [29ms]
2024-09-08 00:20:21.951 [info] > git check-ignore -v -z --stdin [7ms]
2024-09-08 00:20:56.222 [info] > git rev-parse --show-toplevel [2ms]
2024-09-08 00:20:56.222 [info] fatal: not a git repository (or any parent up to mount point /voc)
Stopping at filesystem boundary (GIT_DISCOVERY_ACROSS_FILESYSTEM not set).
2024-09-08 00:21:20.125 [info] > git rev-parse --show-toplevel [3ms]
2024-09-08 00:21:20.125 [info] fatal: not a git repository (or any parent up to mount point /voc)
Stopping at filesystem boundary (GIT_DISCOVERY_ACROSS_FILESYSTEM not set).
2024-09-08 00:22:00.789 [info] > git rev-parse --show-toplevel [7ms]
2024-09-08 00:22:00.799 [info] > git rev-parse --git-dir --git-common-dir [5ms]
2024-09-08 00:22:00.802 [info] Open repository: /voc/work
2024-09-08 00:22:00.816 [info] No remotes found in the git config file.
2024-09-08 00:22:00.821 [info] > git config --get commit.template [9ms]
2024-09-08 00:22:00.826 [info] > git for-each-ref --format=%(refname)%00%(upstream:short)%00%(objectname)%00%(upstream:track)%00%(upstream:remotename)%00%(upstream:remoteref) refs/heads/master refs/remotes/master [10ms]
2024-09-08 00:22:00.826 [warning] No such branch: master.
2024-09-08 00:22:01.051 [info] > git status -z -uall [220ms]
2024-09-08 00:22:01.072 [info] No remotes found in the git config file.
2024-09-08 00:22:01.073 [info] > git config --get commit.template [9ms]
2024-09-08 00:22:01.082 [info] > git for-each-ref --format=%(refname)%00%(upstream:short)%00%(objectname)%00%(upstream:track)%00%(upstream:remotename)%00%(upstream:remoteref) refs/heads/master refs/remotes/master [9ms]
2024-09-08 00:22:01.082 [warning] No such branch: master.
2024-09-08 00:22:01.132 [info] > git status -z -uall [42ms]
2024-09-08 00:22:01.441 [info] > git check-ignore -v -z --stdin [7ms]
2024-09-08 00:22:01.448 [info] > git check-ignore -v -z --stdin [8ms]
2024-09-08 00:22:01.602 [info] > git show --textconv :system_info/command_history.txt [8ms]
2024-09-08 00:22:01.606 [info] > git ls-files --stage -- /voc/work/system_info/command_history.txt [6ms]
2024-09-08 00:22:04.439 [info] No remotes found in the git config file.
2024-09-08 00:22:04.445 [info] > git config --get commit.template [6ms]
2024-09-08 00:22:04.451 [info] > git for-each-ref --format=%(refname)%00%(upstream:short)%00%(objectname)%00%(upstream:track)%00%(upstream:remotename)%00%(upstream:remoteref) refs/heads/master refs/remotes/master [7ms]
2024-09-08 00:22:04.451 [warning] No such branch: master.
2024-09-08 00:22:04.494 [info] > git status -z -uall [34ms]
2024-09-08 00:22:09.510 [info] No remotes found in the git config file.
2024-09-08 00:22:09.511 [info] > git config --get commit.template [6ms]
2024-09-08 00:22:09.518 [info] > git for-each-ref --format=%(refname)%00%(upstream:short)%00%(objectname)%00%(upstream:track)%00%(upstream:remotename)%00%(upstream:remoteref) refs/heads/master refs/remotes/master [8ms]
2024-09-08 00:22:09.518 [warning] No such branch: master.
2024-09-08 00:22:09.553 [info] > git status -z -uall [31ms]
2024-09-08 00:22:14.569 [info] No remotes found in the git config file.
2024-09-08 00:22:14.570 [info] > git config --get commit.template [6ms]
2024-09-08 00:22:14.578 [info] > git for-each-ref --format=%(refname)%00%(upstream:short)%00%(objectname)%00%(upstream:track)%00%(upstream:remotename)%00%(upstream:remoteref) refs/heads/master refs/remotes/master [8ms]
2024-09-08 00:22:14.578 [warning] No such branch: master.
2024-09-08 00:22:14.614 [info] > git status -z -uall [31ms]
2024-09-08 00:22:18.558 [info] > git ls-files --stage -- /voc/work/system_info/command_history.txt [7ms]
2024-09-08 00:22:18.640 [info] > git show --textconv :system_info/command_history.txt [6ms]
2024-09-08 00:22:19.630 [info] No remotes found in the git config file.
2024-09-08 00:22:19.630 [info] > git config --get commit.template [5ms]
2024-09-08 00:22:19.637 [info] > git for-each-ref --format=%(refname)%00%(upstream:short)%00%(objectname)%00%(upstream:track)%00%(upstream:remotename)%00%(upstream:remoteref) refs/heads/master refs/remotes/master [7ms]
2024-09-08 00:22:19.637 [warning] No such branch: master.
2024-09-08 00:22:19.716 [info] > git status -z -uall [74ms]
2024-09-08 00:22:24.733 [info] No remotes found in the git config file.
2024-09-08 00:22:24.733 [info] > git config --get commit.template [6ms]
2024-09-08 00:22:24.740 [info] > git for-each-ref --format=%(refname)%00%(upstream:short)%00%(objectname)%00%(upstream:track)%00%(upstream:remotename)%00%(upstream:remoteref) refs/heads/master refs/remotes/master [7ms]
2024-09-08 00:22:24.740 [warning] No such branch: master.
2024-09-08 00:22:24.806 [info] > git status -z -uall [61ms]
2024-09-08 00:22:29.818 [info] No remotes found in the git config file.
2024-09-08 00:22:29.824 [info] > git config --get commit.template [7ms]
2024-09-08 00:22:29.831 [info] > git for-each-ref --format=%(refname)%00%(upstream:short)%00%(objectname)%00%(upstream:track)%00%(upstream:remotename)%00%(upstream:remoteref) refs/heads/master refs/remotes/master [7ms]
2024-09-08 00:22:29.831 [warning] No such branch: master.
2024-09-08 00:22:29.905 [info] > git status -z -uall [66ms]
2024-09-08 00:22:34.918 [info] No remotes found in the git config file.
2024-09-08 00:22:34.924 [info] > git config --get commit.template [6ms]
2024-09-08 00:22:34.930 [info] > git for-each-ref --format=%(refname)%00%(upstream:short)%00%(objectname)%00%(upstream:track)%00%(upstream:remotename)%00%(upstream:remoteref) refs/heads/master refs/remotes/master [7ms]
2024-09-08 00:22:34.930 [warning] No such branch: master.
2024-09-08 00:22:35.005 [info] > git status -z -uall [63ms]
2024-09-08 00:22:40.021 [info] No remotes found in the git config file.
2024-09-08 00:22:40.021 [info] > git config --get commit.template [7ms]
2024-09-08 00:22:40.030 [info] > git for-each-ref --format=%(refname)%00%(upstream:short)%00%(objectname)%00%(upstream:track)%00%(upstream:remotename)%00%(upstream:remoteref) refs/heads/master refs/remotes/master [9ms]
2024-09-08 00:22:40.030 [warning] No such branch: master.
2024-09-08 00:22:40.097 [info] > git status -z -uall [62ms]
2024-09-08 00:22:45.113 [info] No remotes found in the git config file.
2024-09-08 00:22:45.114 [info] > git config --get commit.template [6ms]
2024-09-08 00:22:45.121 [info] > git for-each-ref --format=%(refname)%00%(upstream:short)%00%(objectname)%00%(upstream:track)%00%(upstream:remotename)%00%(upstream:remoteref) refs/heads/master refs/remotes/master [8ms]
2024-09-08 00:22:45.121 [warning] No such branch: master.
2024-09-08 00:22:45.203 [info] > git status -z -uall [77ms]
2024-09-08 00:22:50.220 [info] No remotes found in the git config file.
2024-09-08 00:22:50.221 [info] > git config --get commit.template [6ms]
2024-09-08 00:22:50.228 [info] > git for-each-ref --format=%(refname)%00%(upstream:short)%00%(objectname)%00%(upstream:track)%00%(upstream:remotename)%00%(upstream:remoteref) refs/heads/master refs/remotes/master [8ms]
2024-09-08 00:22:50.228 [warning] No such branch: master.
2024-09-08 00:22:50.300 [info] > git status -z -uall [68ms]
2024-09-08 00:22:55.316 [info] No remotes found in the git config file.
2024-09-08 00:22:55.317 [info] > git config --get commit.template [8ms]
2024-09-08 00:22:55.324 [info] > git for-each-ref --format=%(refname)%00%(upstream:short)%00%(objectname)%00%(upstream:track)%00%(upstream:remotename)%00%(upstream:remoteref) refs/heads/master refs/remotes/master [8ms]
2024-09-08 00:22:55.324 [warning] No such branch: master.
2024-09-08 00:22:55.409 [info] > git status -z -uall [78ms]
2024-09-08 00:23:00.427 [info] No remotes found in the git config file.
2024-09-08 00:23:00.427 [info] > git config --get commit.template [6ms]
2024-09-08 00:23:00.433 [info] > git for-each-ref --format=%(refname)%00%(upstream:short)%00%(objectname)%00%(upstream:track)%00%(upstream:remotename)%00%(upstream:remoteref) refs/heads/master refs/remotes/master [6ms]
2024-09-08 00:23:00.433 [warning] No such branch: master.
2024-09-08 00:23:00.499 [info] > git status -z -uall [62ms]
2024-09-08 00:23:05.515 [info] No remotes found in the git config file.
2024-09-08 00:23:05.515 [info] > git config --get commit.template [6ms]
2024-09-08 00:23:05.524 [info] > git for-each-ref --format=%(refname)%00%(upstream:short)%00%(objectname)%00%(upstream:track)%00%(upstream:remotename)%00%(upstream:remoteref) refs/heads/master refs/remotes/master [9ms]
2024-09-08 00:23:05.524 [warning] No such branch: master.
2024-09-08 00:23:05.594 [info] > git status -z -uall [65ms]
2024-09-08 00:23:10.611 [info] No remotes found in the git config file.
2024-09-08 00:23:10.611 [info] > git config --get commit.template [6ms]
2024-09-08 00:23:10.618 [info] > git for-each-ref --format=%(refname)%00%(upstream:short)%00%(objectname)%00%(upstream:track)%00%(upstream:remotename)%00%(upstream:remoteref) refs/heads/master refs/remotes/master [7ms]
2024-09-08 00:23:10.618 [warning] No such branch: master.
2024-09-08 00:23:10.684 [info] > git status -z -uall [60ms]
